0 verbose cli /usr/bin/node /usr/share/nodejs/npm/bin/npm-cli.js
1 info using npm@9.2.0
2 info using node@v18.13.0
3 timing npm:load:whichnode Completed in 0ms
4 timing config:load:defaults Completed in 4ms
5 timing config:load:file:/usr/share/nodejs/npm/npmrc Completed in 7ms
6 timing config:load:builtin Completed in 7ms
7 timing config:load:cli Completed in 3ms
8 timing config:load:env Completed in 1ms
9 timing config:load:project Completed in 2ms
10 timing config:load:file:/root/.npmrc Completed in 0ms
11 timing config:load:user Completed in 1ms
12 timing config:load:file:/etc/npmrc Completed in 0ms
13 timing config:load:global Completed in 0ms
14 timing config:load:setEnvs Completed in 2ms
15 timing config:load Completed in 21ms
16 timing npm:load:configload Completed in 21ms
17 timing npm:load:mkdirpcache Completed in 0ms
18 timing npm:load:mkdirplogs Completed in 1ms
19 verbose title npm exec create-next-app@latest
20 verbose argv "exec" "--" "create-next-app@latest"
21 timing npm:load:setTitle Completed in 2ms
22 timing config:load:flatten Completed in 5ms
23 timing npm:load:display Completed in 8ms
24 verbose logfile logs-max:10 dir:/root/.npm/_logs/2024-03-07T08_58_49_360Z-
25 verbose logfile /root/.npm/_logs/2024-03-07T08_58_49_360Z-debug-0.log
26 timing npm:load:logFile Completed in 8ms
27 timing npm:load:timers Completed in 0ms
28 timing npm:load:configScope Completed in 0ms
29 timing npm:load Completed in 42ms
30 silly logfile done cleaning log files
31 timing arborist:ctor Completed in 2ms
32 http fetch GET 200 https://registry.npmjs.org/create-next-app 883ms (cache miss)
33 timing arborist:ctor Completed in 1ms
34 timing arborist:ctor Completed in 1ms
35 timing arborist:ctor Completed in 0ms
36 timing idealTree:init Completed in 9ms
37 timing idealTree:userRequests Completed in 8ms
38 silly idealTree buildDeps
39 silly fetch manifest create-next-app@14.1.3
40 http fetch GET 200 https://registry.npmjs.org/create-next-app 33ms (cache hit)
41 silly placeDep ROOT create-next-app@14.1.3 OK for:  want: 14.1.3
42 timing idealTree:#root Completed in 124ms
43 timing idealTree:node_modules/create-next-app Completed in 0ms
44 timing idealTree:buildDeps Completed in 126ms
45 timing idealTree:fixDepFlags Completed in 2ms
46 warn EBADENGINE Unsupported engine {
46 warn EBADENGINE   package: 'create-next-app@14.1.3',
46 warn EBADENGINE   required: { node: '>=18.17.0' },
46 warn EBADENGINE   current: { node: 'v18.13.0', npm: '9.2.0' }
46 warn EBADENGINE }
47 timing idealTree Completed in 159ms
48 timing reify:loadTrees Completed in 160ms
49 timing reify:diffTrees Completed in 1ms
50 silly reify moves {}
51 timing reify:retireShallow Completed in 8ms
52 timing reify:createSparse Completed in 11ms
53 timing reify:loadBundles Completed in 0ms
54 silly audit bulk request { 'create-next-app': [ '14.1.3' ] }
55 silly tarball no local data for create-next-app@https://registry.npmjs.org/create-next-app/-/create-next-app-14.1.3.tgz. Extracting by manifest.
56 http fetch POST 200 https://registry.npmjs.org/-/npm/v1/security/advisories/bulk 201ms
57 timing auditReport:getReport Completed in 202ms
58 silly audit report {}
59 timing auditReport:init Completed in 0ms
60 timing reify:audit Completed in 203ms
61 http fetch GET 200 https://registry.npmjs.org/create-next-app/-/create-next-app-14.1.3.tgz 187ms (cache miss)
62 timing reifyNode:node_modules/create-next-app Completed in 201ms
63 timing reify:unpack Completed in 201ms
64 timing reify:unretire Completed in 0ms
65 timing build:queue Completed in 1ms
66 timing build:link:node_modules/create-next-app Completed in 3ms
67 timing build:link Completed in 3ms
68 timing build:deps Completed in 4ms
69 timing build Completed in 4ms
70 timing reify:build Completed in 4ms
71 timing reify:trash Completed in 0ms
72 timing reify:save Completed in 7ms
73 timing reify Completed in 405ms
74 timing command:exec Completed in 182090ms
75 verbose exit 0
76 timing npm Completed in 182161ms
77 info ok
